<?xml version="1.0" encoding="UTF-8"?>
<Site BuildName="(empty)"
	BuildStamp="20241218-0524-Experimental"
	Name="(empty)"
	Generator="ctest-3.28.3-msvc11"
	CompilerName=""
	CompilerVersion=""
	OSName="Windows"
	Hostname="RSPLLT113"
	OSRelease=" Professional"
	OSVersion=" (Build 19045)"
	OSPlatform="AMD64"
	Is64Bits="1"
	VendorString="GenuineIntel"
	VendorID="Intel Corporation"
	FamilyID="6"
	ModelID="14"
	ProcessorCacheSize="-1"
	NumberOfLogicalCPU="8"
	NumberOfPhysicalCPU="4"
	TotalVirtualMemory="28459"
	TotalPhysicalMemory="16275"
	LogicalProcessorsPerPhysical="2"
	ProcessorClockFrequency="1861"
	>
	<Testing>
		<StartDateTime>Dec 18 10:54 India Standard Time</StartDateTime>
		<StartTestTime>1734499472</StartTestTime>
		<TestList/>
		<EndDateTime>Dec 18 10:54 India Standard Time</EndDateTime>
		<EndTestTime>1734499472</EndTestTime>
		<ElapsedMinutes>0</ElapsedMinutes>
	</Testing>
</Site>
