<?xml version="1.0" encoding="UTF-8"?>
<Site BuildName="(empty)"
	BuildStamp="20241217-1049-Experimental"
	Name="(empty)"
	Generator="ctest-3.28.3-msvc11"
	CompilerName=""
	CompilerVersion=""
	OSName="Windows"
	Hostname="RSPLLT113"
	OSRelease=" Professional"
	OSVersion=" (Build 19045)"
	OSPlatform="AMD64"
	Is64Bits="1"
	VendorString="GenuineIntel"
	VendorID="Intel Corporation"
	FamilyID="6"
	ModelID="14"
	ProcessorCacheSize="-1"
	NumberOfLogicalCPU="8"
	NumberOfPhysicalCPU="4"
	TotalVirtualMemory="28493"
	TotalPhysicalMemory="16275"
	LogicalProcessorsPerPhysical="2"
	ProcessorClockFrequency="1800"
	>
	<Testing>
		<StartDateTime>Dec 17 21:16 India Standard Time</StartDateTime>
		<StartTestTime>1734450404</StartTestTime>
		<TestList/>
		<EndDateTime>Dec 17 21:16 India Standard Time</EndDateTime>
		<EndTestTime>1734450404</EndTestTime>
		<ElapsedMinutes>0</ElapsedMinutes>
	</Testing>
</Site>
